13:42:13.686 INFO - Selenium build info: version: '3.8.1', revision: '6e95a6684b'
13:42:13.687 INFO - Launching a standalone Selenium Server
2018-06-12 13:42:13.848:INFO::main: Logging initialized @737ms to org.seleniumhq.jetty9.util.log.StdErrLog
13:42:13.928 INFO - Using `new FirefoxOptions()` is preferred to `DesiredCapabilities.firefox()`
13:42:13.965 INFO - Using `new ChromeOptions()` is preferred to `DesiredCapabilities.chrome()`
13:42:13.968 INFO - Using `new EdgeOptions()` is preferred to `DesiredCapabilities.edge()`
13:42:13.969 INFO - Driver class not found: com.opera.core.systems.OperaDriver
13:42:13.970 INFO - Using `new OperaOptions()` is preferred to `DesiredCapabilities.operaBlink()`
13:42:13.975 INFO - Using `new SafariOptions()` is preferred to `DesiredCapabilities.safari()`
13:42:13.976 INFO - Driver class not found: org.openqa.selenium.phantomjs.PhantomJSDriver
13:42:14.060 INFO - Driver provider class org.openqa.selenium.ie.InternetExplorerDriver registration is skipped:
 registration capabilities Capabilities {browserName: internet explorer, ensureCleanSession: true, platform: WINDOWS, version: } does not match the current platform LINUX
13:42:14.061 INFO - Driver provider class org.openqa.selenium.edge.EdgeDriver registration is skipped:
 registration capabilities Capabilities {browserName: MicrosoftEdge, platform: WINDOWS, version: } does not match the current platform LINUX
13:42:14.061 INFO - Driver provider class org.openqa.selenium.safari.SafariDriver registration is skipped:
 registration capabilities Capabilities {browserName: safari, platform: MAC, version: } does not match the current platform LINUX
13:42:14.142 INFO - Using `new ChromeOptions()` is preferred to `DesiredCapabilities.chrome()`
13:42:14.143 INFO - Using `new EdgeOptions()` is preferred to `DesiredCapabilities.edge()`
13:42:14.143 INFO - Using `new FirefoxOptions()` is preferred to `DesiredCapabilities.firefox()`
13:42:14.144 INFO - Using `new OperaOptions()` is preferred to `DesiredCapabilities.operaBlink()`
13:42:14.144 INFO - Using `new SafariOptions()` is preferred to `DesiredCapabilities.safari()`
2018-06-12 13:42:14.213:INFO:osjs.Server:main: jetty-9.4.7.v20170914
2018-06-12 13:42:14.303:WARN:osjs.SecurityHandler:main: ServletContext@o.s.j.s.ServletContextHandler@1d371b2d{/,null,STARTING} has uncovered http methods for path: /
2018-06-12 13:42:14.308:INFO:osjsh.ContextHandler:main: Started o.s.j.s.ServletContextHandler@1d371b2d{/,null,AVAILABLE}
Usage: <main class> [options]
  Options:
    --version, -version
       Displays the version and exits.
       Default: false
    -browserTimeout
       <Integer> in seconds : number of seconds a browser session is allowed to
       hang while 13:42:15.875 INFO - Executing: [new session: Capabilities {browserName: firefox, firefox_profile: UEsDBBQAAAAIABYBuEykYb5h8QE..., platform: LINUX}])
13:42:15.914 INFO - Creating a new session for Capabilities {browserName: firefox, firefox_profile: UEsDBBQAAAAIABYBuEykYb5h8QE..., platform: LINUX}
13:42:28.180 INFO - Detected dialect: OSS
13:42:28.240 INFO - Done: [new session: Capabilities {browserName: firefox, firefox_profile: UEsDBBQAAAAIABYBuEykYb5h8QE..., platform: LINUX}]
13:42:28.644 INFO - Executing: [get: https://w2.seg-social.es/Xhtml?JacadaApplicationName=SGIRED&TRANSACCION=ATR42&E=I&AP=AFIR])
13:42:30.534 INFO - Done: [get: https://w2.seg-social.es/Xhtml?JacadaApplicationName=SGIRED&TRANSACCION=ATR42&E=I&AP=AFIR]
13:42:30.551 INFO - Executing: [find element: By.name: txt_SDFTESORNAF])
13:42:30.929 INFO - Done: [find element: By.name: txt_SDFTESORNAF]
13:42:30.981 INFO - Executing: [send keys: 0 [[FirefoxDriver: firefox on LINUX (0305888b-64e6-41a8-84aa-c7893578dc81)] -> name: txt_SDFTESORNAF], [46]])
13:42:31.356 INFO - Done: [send keys: 0 [[FirefoxDriver: firefox on LINUX (0305888b-64e6-41a8-84aa-c7893578dc81)] -> name: txt_SDFTESORNAF], [46]]
13:42:31.372 INFO - Executing: [find element: By.name: txt_SDFNUMNAF])
13:42:31.459 INFO - Done: [find element: By.name: txt_SDFNUMNAF]
13:42:31.464 INFO - Executing: [send keys: 1 [[FirefoxDriver: firefox on LINUX (0305888b-64e6-41a8-84aa-c7893578dc81)] -> name: txt_SDFNUMNAF], [1072254410]])
13:42:31.726 INFO - Done: [send keys: 1 [[FirefoxDriver: firefox on LINUX (0305888b-64e6-41a8-84aa-c7893578dc81)] -> name: txt_SDFNUMNAF], [1072254410]]
13:42:31.730 INFO - Executing: [find element: By.name: txt_SDFREGCC_ayuda])
13:42:31.826 INFO - Done: [find element: By.name: txt_SDFREGCC_ayuda]
13:42:31.837 INFO - Executing: [send keys: 2 [[FirefoxDriver: firefox on LINUX (0305888b-64e6-41a8-84aa-c7893578dc81)] -> name: txt_SDFREGCC_ayuda], [111]])
13:42:32.041 INFO - Done: [send keys: 2 [[FirefoxDriver: firefox on LINUX (0305888b-64e6-41a8-84aa-c7893578dc81)] -> name: txt_SDFREGCC_ayuda], [111]]
13:42:32.049 INFO - Executing: [find element: By.name: txt_SDFTESCC])
13:42:32.147 INFO - Done: [find element: By.name: txt_SDFTESCC]
13:42:32.158 INFO - Executing: [send keys: 3 [[FirefoxDriver: firefox on LINUX (0305888b-64e6-41a8-84aa-c7893578dc81)] -> name: txt_SDFTESCC], [28]])
13:42:32.493 INFO - Done: [send keys: 3 [[FirefoxDriver: firefox on LINUX (0305888b-64e6-41a8-84aa-c7893578dc81)] -> name: txt_SDFTESCC], [28]]
13:42:32.498 INFO - Executing: [find element: By.name: txt_SDFNUMCC])
13:42:32.553 INFO - Done: [find element: By.name: txt_SDFNUMCC]
13:42:32.558 INFO - Executing: [send keys: 4 [[FirefoxDriver: firefox on LINUX (0305888b-64e6-41a8-84aa-c7893578dc81)] -> name: txt_SDFNUMCC], [149794464]])
13:42:32.871 INFO - Done: [send keys: 4 [[FirefoxDriver: firefox on LINUX (0305888b-64e6-41a8-84aa-c7893578dc81)] -> name: txt_SDFNUMCC], [149794464]]
13:42:32.877 INFO - Executing: [find element: By.name: cbo_ListaAltasBajas001])
13:42:32.946 INFO - Done: [find element: By.name: cbo_ListaAltasBajas001]
13:42:32.955 INFO - Executing: [tag name: 5 [[FirefoxDriver: firefox on LINUX (0305888b-64e6-41a8-84aa-c7893578dc81)] -> name: cbo_ListaAltasBajas001]])
13:42:33.015 INFO - Done: [tag name: 5 [[FirefoxDriver: firefox on LINUX (0305888b-64e6-41a8-84aa-c7893578dc81)] -> name: cbo_ListaAltasBajas001]]
13:42:33.021 INFO - Executing: [get element attribute: 5 [[FirefoxDriver: firefox on LINUX (0305888b-64e6-41a8-84aa-c7893578dc81)] -> name: cbo_ListaAltasBajas001], multiple])
13:42:33.069 INFO - Done: [get element attribute: 5 [[FirefoxDriver: firefox on LINUX (0305888b-64e6-41a8-84aa-c7893578dc81)] -> name: cbo_ListaAltasBajas001], multiple]
13:42:33.074 INFO - Executing: [find child elements: 5 [[FirefoxDriver: firefox on LINUX (0305888b-64e6-41a8-84aa-c7893578dc81)] -> name: cbo_ListaAltasBajas001], By.xpath: .//option[normalize-space(.) = 'Alta']])
13:42:33.161 INFO - Done: [find child elements: 5 [[FirefoxDriver: firefox on LINUX (0305888b-64e6-41a8-84aa-c7893578dc81)] -> name: cbo_ListaAltasBajas001], By.xpath: .//option[normalize-space(.) = 'Alta']]
13:42:33.187 INFO - Executing: [is selected: 6 [[[[FirefoxDriver: firefox on LINUX (0305888b-64e6-41a8-84aa-c7893578dc81)] -> name: cbo_ListaAltasBajas001]] -> xpath: .//option[normalize-space(.) = 'Alta']]])
13:42:33.224 INFO - Done: [is selected: 6 [[[[FirefoxDriver: firefox on LINUX (0305888b-64e6-41a8-84aa-c7893578dc81)] -> name: cbo_ListaAltasBajas001]] -> xpath: .//option[normalize-space(.) = 'Alta']]]
13:42:33.236 INFO - Executing: [click: 6 [[[[FirefoxDriver: firefox on LINUX (0305888b-64e6-41a8-84aa-c7893578dc81)] -> name: cbo_ListaAltasBajas001]] -> xpath: .//option[normalize-space(.) = 'Alta']]])
13:42:33.817 INFO - Done: [click: 6 [[[[FirefoxDriver: firefox on LINUX (0305888b-64e6-41a8-84aa-c7893578dc81)] -> name: cbo_ListaAltasBajas001]] -> xpath: .//option[normalize-space(.) = 'Alta']]]
13:42:33.824 INFO - Executing: [find element: By.name: txt_SDFDIAB])
13:42:33.858 INFO - Done: [find element: By.name: txt_SDFDIAB]
13:42:33.869 INFO - Executing: [send keys: 7 [[FirefoxDriver: firefox on LINUX (0305888b-64e6-41a8-84aa-c7893578dc81)] -> name: txt_SDFDIAB], [14]])
13:42:33.965 INFO - Done: [send keys: 7 [[FirefoxDriver: firefox on LINUX (0305888b-64e6-41a8-84aa-c7893578dc81)] -> name: txt_SDFDIAB], [14]]
13:42:33.968 INFO - Executing: [find element: By.name: txt_SDFMESB])
13:42:34.011 INFO - Done: [find element: By.name: txt_SDFMESB]
13:42:34.019 INFO - Executing: [send keys: 8 [[FirefoxDriver: firefox on LINUX (0305888b-64e6-41a8-84aa-c7893578dc81)] -> name: txt_SDFMESB], [06]])
13:42:34.134 INFO - Done: [send keys: 8 [[FirefoxDriver: firefox on LINUX (0305888b-64e6-41a8-84aa-c7893578dc81)] -> name: txt_SDFMESB], [06]]
13:42:34.138 INFO - Executing: [find element: By.name: txt_SDFAOB])
13:42:34.160 INFO - Done: [find element: By.name: txt_SDFAOB]
13:42:34.170 INFO - Executing: [send keys: 9 [[FirefoxDriver: firefox on LINUX (0305888b-64e6-41a8-84aa-c7893578dc81)] -> name: txt_SDFAOB], [2018]])
13:42:34.275 INFO - Done: [send keys: 9 [[FirefoxDriver: firefox on LINUX (0305888b-64e6-41a8-84aa-c7893578dc81)] -> name: txt_SDFAOB], [2018]]
13:42:34.280 INFO - Executing: [find element: By.name: cbo_ListaAltasBajas])
13:42:34.323 INFO - Done: [find element: By.name: cbo_ListaAltasBajas]
13:42:34.328 INFO - Executing: [tag name: 10 [[FirefoxDriver: firefox on LINUX (0305888b-64e6-41a8-84aa-c7893578dc81)] -> name: cbo_ListaAltasBajas]])
13:42:34.350 INFO - Done: [tag name: 10 [[FirefoxDriver: firefox on LINUX (0305888b-64e6-41a8-84aa-c7893578dc81)] -> name: cbo_ListaAltasBajas]]
13:42:34.359 INFO - Executing: [get element attribute: 10 [[FirefoxDriver: firefox on LINUX (0305888b-64e6-41a8-84aa-c7893578dc81)] -> name: cbo_ListaAltasBajas], multiple])
13:42:34.386 INFO - Done: [get element attribute: 10 [[FirefoxDriver: firefox on LINUX (0305888b-64e6-41a8-84aa-c7893578dc81)] -> name: cbo_ListaAltasBajas], multiple]
13:42:34.408 INFO - Executing: [find child elements: 10 [[FirefoxDriver: firefox on LINUX (0305888b-64e6-41a8-84aa-c7893578dc81)] -> name: cbo_ListaAltasBajas], By.xpath: .//option[normalize-space(.) = 'Eliminación']])
13:42:34.437 INFO - Done: [find child elements: 10 [[FirefoxDriver: firefox on LINUX (0305888b-64e6-41a8-84aa-c7893578dc81)] -> name: cbo_ListaAltasBajas], By.xpath: .//option[normalize-space(.) = 'Eliminación']]
13:42:34.441 INFO - Executing: [is selected: 11 [[[[FirefoxDriver: firefox on LINUX (0305888b-64e6-41a8-84aa-c7893578dc81)] -> name: cbo_ListaAltasBajas]] -> xpath: .//option[normalize-space(.) = 'Eliminación']]])
13:42:34.500 INFO - Done: [is selected: 11 [[[[FirefoxDriver: firefox on LINUX (0305888b-64e6-41a8-84aa-c7893578dc81)] -> name: cbo_ListaAltasBajas]] -> xpath: .//option[normalize-space(.) = 'Eliminación']]]
13:42:34.517 INFO - Executing: [click: 11 [[[[FirefoxDriver: firefox on LINUX (0305888b-64e6-41a8-84aa-c7893578dc81)] -> name: cbo_ListaAltasBajas]] -> xpath: .//option[normalize-space(.) = 'Eliminación']]])
13:42:35.080 INFO - Done: [click: 11 [[[[FirefoxDriver: firefox on LINUX (0305888b-64e6-41a8-84aa-c7893578dc81)] -> name: cbo_ListaAltasBajas]] -> xpath: .//option[normalize-space(.) = 'Eliminación']]]
13:42:35.088 INFO - Executing: [take screenshot])
13:42:35.349 INFO - Done: [take screenshot]
13:42:35.403 INFO - Executing: [find element: By.name: btn_Sub2207401004])
13:42:37.580 WARN - Exception thrown
org.openqa.selenium.NoSuchElementException: Unable to locate element: {"method":"name","selector":"btn_Sub2207401004"}
Command duration or timeout: 0 milliseconds
	at sun.reflect.NativeConstructorAccessorImpl.newInstance0(Native Method)
	at sun.reflect.NativeConstructorAccessorImpl.newInstance(NativeConstructorAccessorImpl.java:62)
	at sun.reflect.DelegatingConstructorAccessorImpl.newInstance(DelegatingConstructorAccessorImpl.java:45)
	at java.lang.reflect.Constructor.newInstance(Constructor.java:423)
	at org.openqa.selenium.remote.ErrorHandler.createThrowable(ErrorHandler.java:214)
	at org.openqa.selenium.remote.ErrorHandler.throwIfResponseFailed(ErrorHandler.java:166)
	at org.openqa.selenium.remote.http.JsonHttpResponseCodec.reconstructValue(JsonHttpResponseCodec.java:40)
	at org.openqa.selenium.remote.http.AbstractHttpResponseCodec.decode(AbstractHttpResponseCodec.java:80)
	at org.openqa.selenium.remote.http.AbstractHttpResponseCodec.decode(AbstractHttpResponseCodec.java:44)
	at org.openqa.selenium.remote.HttpCommandExecutor.execute(HttpCommandExecutor.java:164)
	at org.openqa.selenium.remote.service.DriverCommandExecutor.execute(DriverCommandExecutor.java:83)
	at org.openqa.selenium.remote.RemoteWebDriver.execute(RemoteWebDriver.java:601)
	at org.openqa.selenium.remote.RemoteWebDriver.findElement(RemoteWebDriver.java:371)
	at org.openqa.selenium.remote.RemoteWebDriver.findElementByName(RemoteWebDriver.java:449)
	at org.openqa.selenium.By$ByName.findElement(By.java:303)
	at org.openqa.selenium.remote.RemoteWebDriver.findElement(RemoteWebDriver.java:363)
	at sun.reflect.NativeMethodAccessorImpl.invoke0(Native Method)
	at sun.reflect.NativeMethodAccessorImpl.invoke(NativeMethodAccessorImpl.java:62)
	at sun.reflect.DelegatingMethodAccessorImpl.invoke(DelegatingMethodAccessorImpl.java:43)
	at java.lang.reflect.Method.invoke(Method.java:498)
	at org.openqa.selenium.support.events.EventFiringWebDriver$2.invoke(EventFiringWebDriver.java:108)
	at com.sun.proxy.$Proxy6.findElement(Unknown Source)
	at org.openqa.selenium.support.events.EventFiringWebDriver.findElement(EventFiringWebDriver.java:192)
	at org.openqa.selenium.remote.server.handler.FindElement.call(FindElement.java:48)
	at org.openqa.selenium.remote.server.handler.FindElement.call(FindElement.java:33)
	at org.openqa.selenium.remote.server.handler.WebDriverHandler.handle(WebDriverHandler.java:41)
	at org.openqa.selenium.remote.server.rest.ResultConfig.handle(ResultConfig.java:112)
	at org.openqa.selenium.remote.server.JsonHttpCommandHandler.handleRequest(JsonHttpCommandHandler.java:191)
	at org.openqa.selenium.remote.server.DriverServlet.lambda$handleRequest$0(DriverServlet.java:261)
	at java.util.concurrent.Executors$RunnableAdapter.call(Executors.java:511)
	at java.util.concurrent.FutureTask.run(FutureTask.java:266)
	at java.util.concurrent.ThreadPoolExecutor.runWorker(ThreadPoolExecutor.java:1149)
	at java.util.concurrent.ThreadPoolExecutor$Worker.run(ThreadPoolExecutor.java:624)
	at java.lang.Thread.run(Thread.java:748)
Caused by: org.openqa.selenium.NoSuchElementException: Unable to locate element: {"method":"name","selector":"btn_Sub2207401004"}
For documentation on this error, please visit: http://seleniumhq.org/exceptions/no_such_element.html
Build info: version: '3.8.1', revision: '6e95a6684b', time: '2017-12-01T19:05:32.194Z'
System info: host: 'localhost.localdomain', ip: '127.0.0.1', os.name: 'Linux', os.arch: 'amd64', os.version: '3.10.0-862.3.2.el7.x86_64', java.version: '1.8.0_171'
Driver info: driver.version: unknown
	at <anonymous class>.FirefoxDriver.prototype.findElementInternal_(file:///tmp/anonymous3938304420169097735webdriver-profile/extensions/fxdriver@googlecode.com/components/driver-component.js:11870)
	at <anonymous class>.FirefoxDriver.prototype.findElement(file:///tmp/anonymous3938304420169097735webdriver-profile/extensions/fxdriver@googlecode.com/components/driver-component.js:11879)
	at <anonymous class>.DelayedCommand.prototype.executeInternal_/k(file:///tmp/anonymous3938304420169097735webdriver-profile/extensions/fxdriver@googlecode.com/components/command-processor.js:13364)
	at <anonymous class>.DelayedCommand.prototype.executeInternal_(file:///tmp/anonymous3938304420169097735webdriver-profile/extensions/fxdriver@googlecode.com/components/command-processor.js:13369)
	at <anonymous class>.DelayedCommand.prototype.execute/<(file:///tmp/anonymous3938304420169097735webdriver-profile/extensions/fxdriver@googlecode.com/components/command-processor.js:13311)
13:42:37.584 WARN - Exception: Unable to locate element: {"method":"name","selector":"btn_Sub2207401004"}
For documentation on this error, please visit: http://seleniumhq.org/exceptions/no_such_element.html
Build info: version: '3.8.1', revision: '6e95a6684b', time: '2017-12-01T19:05:32.194Z'
System info: host: 'localhost.localdomain', ip: '127.0.0.1', os.name: 'Linux', os.arch: 'amd64', os.version: '3.10.0-862.3.2.el7.x86_64', java.version: '1.8.0_171'
Driver info: driver.version: unknown
