13:41:05.796 INFO - Selenium build info: version: '3.8.1', revision: '6e95a6684b'
13:41:05.797 INFO - Launching a standalone Selenium Server
2018-06-12 13:41:05.964:INFO::main: Logging initialized @767ms to org.seleniumhq.jetty9.util.log.StdErrLog
13:41:06.056 INFO - Using `new FirefoxOptions()` is preferred to `DesiredCapabilities.firefox()`
13:41:06.090 INFO - Using `new ChromeOptions()` is preferred to `DesiredCapabilities.chrome()`
13:41:06.101 INFO - Using `new EdgeOptions()` is preferred to `DesiredCapabilities.edge()`
13:41:06.102 INFO - Driver class not found: com.opera.core.systems.OperaDriver
13:41:06.102 INFO - Using `new OperaOptions()` is preferred to `DesiredCapabilities.operaBlink()`
13:41:06.103 INFO - Using `new SafariOptions()` is preferred to `DesiredCapabilities.safari()`
13:41:06.104 INFO - Driver class not found: org.openqa.selenium.phantomjs.PhantomJSDriver
13:41:06.185 INFO - Driver provider class org.openqa.selenium.ie.InternetExplorerDriver registration is skipped:
 registration capabilities Capabilities {browserName: internet explorer, ensureCleanSession: true, platform: WINDOWS, version: } does not match the current platform LINUX
13:41:06.185 INFO - Driver provider class org.openqa.selenium.edge.EdgeDriver registration is skipped:
 registration capabilities Capabilities {browserName: MicrosoftEdge, platform: WINDOWS, version: } does not match the current platform LINUX
13:41:06.186 INFO - Driver provider class org.openqa.selenium.safari.SafariDriver registration is skipped:
 registration capabilities Capabilities {browserName: safari, platform: MAC, version: } does not match the current platform LINUX
13:41:06.272 INFO - Using `new ChromeOptions()` is preferred to `DesiredCapabilities.chrome()`
13:41:06.273 INFO - Using `new EdgeOptions()` is preferred to `DesiredCapabilities.edge()`
13:41:06.273 INFO - Using `new FirefoxOptions()` is preferred to `DesiredCapabilities.firefox()`
13:41:06.274 INFO - Using `new OperaOptions()` is preferred to `DesiredCapabilities.operaBlink()`
13:41:06.274 INFO - Using `new SafariOptions()` is preferred to `DesiredCapabilities.safari()`
2018-06-12 13:41:06.340:INFO:osjs.Server:main: jetty-9.4.7.v20170914
2018-06-12 13:41:06.431:WARN:osjs.SecurityHandler:main: ServletContext@o.s.j.s.ServletContextHandler@1d371b2d{/,null,STARTING} has uncovered http methods for path: /
2018-06-12 13:41:06.445:INFO:osjsh.ContextHandler:main: Started o.s.j.s.ServletContextHandler@1d371b2d{/,null,AVAILABLE}
Usage: <main class> [options]
  Options:
    --version, -version
       Displays the version and exits.
       Default: false
    -browserTimeout
       <Integer> in seconds : number of seconds a browser session is allowed to
       hang while 13:41:07.460 INFO - Executing: [new session: Capabilities {browserName: firefox, firefox_profile: UEsDBBQAAAAIABYBuEykYb5h8QE..., platform: LINUX}])
13:41:07.506 INFO - Creating a new session for Capabilities {browserName: firefox, firefox_profile: UEsDBBQAAAAIABYBuEykYb5h8QE..., platform: LINUX}
13:41:16.638 INFO - Detected dialect: OSS
13:41:16.689 INFO - Done: [new session: Capabilities {browserName: firefox, firefox_profile: UEsDBBQAAAAIABYBuEykYb5h8QE..., platform: LINUX}]
13:41:17.076 INFO - Executing: [get: https://w2.seg-social.es/Xhtml?JacadaApplicationName=SGIRED&TRANSACCION=ATR42&E=I&AP=AFIR])
13:41:18.121 INFO - Done: [get: https://w2.seg-social.es/Xhtml?JacadaApplicationName=SGIRED&TRANSACCION=ATR42&E=I&AP=AFIR]
13:41:18.176 INFO - Executing: [find element: By.name: txt_SDFTESORNAF])
13:41:18.286 INFO - Done: [find element: By.name: txt_SDFTESORNAF]
13:41:18.307 INFO - Executing: [send keys: 0 [[FirefoxDriver: firefox on LINUX (f3c15e31-5c81-469a-8bce-8e53b823f3df)] -> name: txt_SDFTESORNAF], [46]])
13:41:18.454 INFO - Done: [send keys: 0 [[FirefoxDriver: firefox on LINUX (f3c15e31-5c81-469a-8bce-8e53b823f3df)] -> name: txt_SDFTESORNAF], [46]]
13:41:18.461 INFO - Executing: [find element: By.name: txt_SDFNUMNAF])
13:41:18.487 INFO - Done: [find element: By.name: txt_SDFNUMNAF]
13:41:18.493 INFO - Executing: [send keys: 1 [[FirefoxDriver: firefox on LINUX (f3c15e31-5c81-469a-8bce-8e53b823f3df)] -> name: txt_SDFNUMNAF], [1072254410]])
13:41:18.582 INFO - Done: [send keys: 1 [[FirefoxDriver: firefox on LINUX (f3c15e31-5c81-469a-8bce-8e53b823f3df)] -> name: txt_SDFNUMNAF], [1072254410]]
13:41:18.587 INFO - Executing: [find element: By.name: txt_SDFREGCC_ayuda])
13:41:18.604 INFO - Done: [find element: By.name: txt_SDFREGCC_ayuda]
13:41:18.611 INFO - Executing: [send keys: 2 [[FirefoxDriver: firefox on LINUX (f3c15e31-5c81-469a-8bce-8e53b823f3df)] -> name: txt_SDFREGCC_ayuda], [111]])
13:41:18.659 INFO - Done: [send keys: 2 [[FirefoxDriver: firefox on LINUX (f3c15e31-5c81-469a-8bce-8e53b823f3df)] -> name: txt_SDFREGCC_ayuda], [111]]
13:41:18.671 INFO - Executing: [find element: By.name: txt_SDFTESCC])
13:41:18.689 INFO - Done: [find element: By.name: txt_SDFTESCC]
13:41:18.693 INFO - Executing: [send keys: 3 [[FirefoxDriver: firefox on LINUX (f3c15e31-5c81-469a-8bce-8e53b823f3df)] -> name: txt_SDFTESCC], [28]])
13:41:18.777 INFO - Done: [send keys: 3 [[FirefoxDriver: firefox on LINUX (f3c15e31-5c81-469a-8bce-8e53b823f3df)] -> name: txt_SDFTESCC], [28]]
13:41:18.795 INFO - Executing: [find element: By.name: txt_SDFNUMCC])
13:41:18.825 INFO - Done: [find element: By.name: txt_SDFNUMCC]
13:41:18.831 INFO - Executing: [send keys: 4 [[FirefoxDriver: firefox on LINUX (f3c15e31-5c81-469a-8bce-8e53b823f3df)] -> name: txt_SDFNUMCC], [149794464]])
13:41:18.898 INFO - Done: [send keys: 4 [[FirefoxDriver: firefox on LINUX (f3c15e31-5c81-469a-8bce-8e53b823f3df)] -> name: txt_SDFNUMCC], [149794464]]
13:41:18.912 INFO - Executing: [find element: By.name: cbo_ListaAltasBajas001])
13:41:18.926 INFO - Done: [find element: By.name: cbo_ListaAltasBajas001]
13:41:18.931 INFO - Executing: [tag name: 5 [[FirefoxDriver: firefox on LINUX (f3c15e31-5c81-469a-8bce-8e53b823f3df)] -> name: cbo_ListaAltasBajas001]])
13:41:18.952 INFO - Done: [tag name: 5 [[FirefoxDriver: firefox on LINUX (f3c15e31-5c81-469a-8bce-8e53b823f3df)] -> name: cbo_ListaAltasBajas001]]
13:41:18.956 INFO - Executing: [get element attribute: 5 [[FirefoxDriver: firefox on LINUX (f3c15e31-5c81-469a-8bce-8e53b823f3df)] -> name: cbo_ListaAltasBajas001], multiple])
13:41:18.977 INFO - Done: [get element attribute: 5 [[FirefoxDriver: firefox on LINUX (f3c15e31-5c81-469a-8bce-8e53b823f3df)] -> name: cbo_ListaAltasBajas001], multiple]
13:41:18.982 INFO - Executing: [find child elements: 5 [[FirefoxDriver: firefox on LINUX (f3c15e31-5c81-469a-8bce-8e53b823f3df)] -> name: cbo_ListaAltasBajas001], By.xpath: .//option[normalize-space(.) = 'Alta']])
13:41:19.031 INFO - Done: [find child elements: 5 [[FirefoxDriver: firefox on LINUX (f3c15e31-5c81-469a-8bce-8e53b823f3df)] -> name: cbo_ListaAltasBajas001], By.xpath: .//option[normalize-space(.) = 'Alta']]
13:41:19.041 INFO - Executing: [is selected: 6 [[[[FirefoxDriver: firefox on LINUX (f3c15e31-5c81-469a-8bce-8e53b823f3df)] -> name: cbo_ListaAltasBajas001]] -> xpath: .//option[normalize-space(.) = 'Alta']]])
13:41:19.065 INFO - Done: [is selected: 6 [[[[FirefoxDriver: firefox on LINUX (f3c15e31-5c81-469a-8bce-8e53b823f3df)] -> name: cbo_ListaAltasBajas001]] -> xpath: .//option[normalize-space(.) = 'Alta']]]
13:41:19.072 INFO - Executing: [click: 6 [[[[FirefoxDriver: firefox on LINUX (f3c15e31-5c81-469a-8bce-8e53b823f3df)] -> name: cbo_ListaAltasBajas001]] -> xpath: .//option[normalize-space(.) = 'Alta']]])
13:41:19.267 INFO - Done: [click: 6 [[[[FirefoxDriver: firefox on LINUX (f3c15e31-5c81-469a-8bce-8e53b823f3df)] -> name: cbo_ListaAltasBajas001]] -> xpath: .//option[normalize-space(.) = 'Alta']]]
13:41:19.280 INFO - Executing: [find element: By.name: txt_SDFDIAB])
13:41:19.296 INFO - Done: [find element: By.name: txt_SDFDIAB]
13:41:19.300 INFO - Executing: [send keys: 7 [[FirefoxDriver: firefox on LINUX (f3c15e31-5c81-469a-8bce-8e53b823f3df)] -> name: txt_SDFDIAB], [14]])
13:41:19.362 INFO - Done: [send keys: 7 [[FirefoxDriver: firefox on LINUX (f3c15e31-5c81-469a-8bce-8e53b823f3df)] -> name: txt_SDFDIAB], [14]]
13:41:19.367 INFO - Executing: [find element: By.name: txt_SDFMESB])
13:41:19.396 INFO - Done: [find element: By.name: txt_SDFMESB]
13:41:19.406 INFO - Executing: [send keys: 8 [[FirefoxDriver: firefox on LINUX (f3c15e31-5c81-469a-8bce-8e53b823f3df)] -> name: txt_SDFMESB], [06]])
13:41:19.451 INFO - Done: [send keys: 8 [[FirefoxDriver: firefox on LINUX (f3c15e31-5c81-469a-8bce-8e53b823f3df)] -> name: txt_SDFMESB], [06]]
13:41:19.454 INFO - Executing: [find element: By.name: txt_SDFAOB])
13:41:19.494 INFO - Done: [find element: By.name: txt_SDFAOB]
13:41:19.497 INFO - Executing: [send keys: 9 [[FirefoxDriver: firefox on LINUX (f3c15e31-5c81-469a-8bce-8e53b823f3df)] -> name: txt_SDFAOB], [2018]])
13:41:19.561 INFO - Done: [send keys: 9 [[FirefoxDriver: firefox on LINUX (f3c15e31-5c81-469a-8bce-8e53b823f3df)] -> name: txt_SDFAOB], [2018]]
13:41:19.581 INFO - Executing: [find element: By.name: cbo_ListaAltasBajas])
13:41:19.603 INFO - Done: [find element: By.name: cbo_ListaAltasBajas]
13:41:19.613 INFO - Executing: [tag name: 10 [[FirefoxDriver: firefox on LINUX (f3c15e31-5c81-469a-8bce-8e53b823f3df)] -> name: cbo_ListaAltasBajas]])
13:41:19.638 INFO - Done: [tag name: 10 [[FirefoxDriver: firefox on LINUX (f3c15e31-5c81-469a-8bce-8e53b823f3df)] -> name: cbo_ListaAltasBajas]]
13:41:19.642 INFO - Executing: [get element attribute: 10 [[FirefoxDriver: firefox on LINUX (f3c15e31-5c81-469a-8bce-8e53b823f3df)] -> name: cbo_ListaAltasBajas], multiple])
13:41:19.654 INFO - Done: [get element attribute: 10 [[FirefoxDriver: firefox on LINUX (f3c15e31-5c81-469a-8bce-8e53b823f3df)] -> name: cbo_ListaAltasBajas], multiple]
13:41:19.658 INFO - Executing: [find child elements: 10 [[FirefoxDriver: firefox on LINUX (f3c15e31-5c81-469a-8bce-8e53b823f3df)] -> name: cbo_ListaAltasBajas], By.xpath: .//option[normalize-space(.) = 'Eliminación']])
13:41:19.684 INFO - Done: [find child elements: 10 [[FirefoxDriver: firefox on LINUX (f3c15e31-5c81-469a-8bce-8e53b823f3df)] -> name: cbo_ListaAltasBajas], By.xpath: .//option[normalize-space(.) = 'Eliminación']]
13:41:19.690 INFO - Executing: [is selected: 11 [[[[FirefoxDriver: firefox on LINUX (f3c15e31-5c81-469a-8bce-8e53b823f3df)] -> name: cbo_ListaAltasBajas]] -> xpath: .//option[normalize-space(.) = 'Eliminación']]])
13:41:19.721 INFO - Done: [is selected: 11 [[[[FirefoxDriver: firefox on LINUX (f3c15e31-5c81-469a-8bce-8e53b823f3df)] -> name: cbo_ListaAltasBajas]] -> xpath: .//option[normalize-space(.) = 'Eliminación']]]
13:41:19.725 INFO - Executing: [click: 11 [[[[FirefoxDriver: firefox on LINUX (f3c15e31-5c81-469a-8bce-8e53b823f3df)] -> name: cbo_ListaAltasBajas]] -> xpath: .//option[normalize-space(.) = 'Eliminación']]])
13:41:20.012 INFO - Done: [click: 11 [[[[FirefoxDriver: firefox on LINUX (f3c15e31-5c81-469a-8bce-8e53b823f3df)] -> name: cbo_ListaAltasBajas]] -> xpath: .//option[normalize-space(.) = 'Eliminación']]]
13:41:20.058 INFO - Executing: [take screenshot])
13:41:20.162 INFO - Done: [take screenshot]
13:41:20.203 INFO - Executing: [find element: By.name: btn_Sub2207401004])
13:41:22.374 WARN - Exception thrown
org.openqa.selenium.NoSuchElementException: Unable to locate element: {"method":"name","selector":"btn_Sub2207401004"}
Command duration or timeout: 0 milliseconds
	at sun.reflect.NativeConstructorAccessorImpl.newInstance0(Native Method)
	at sun.reflect.NativeConstructorAccessorImpl.newInstance(NativeConstructorAccessorImpl.java:62)
	at sun.reflect.DelegatingConstructorAccessorImpl.newInstance(DelegatingConstructorAccessorImpl.java:45)
	at java.lang.reflect.Constructor.newInstance(Constructor.java:423)
	at org.openqa.selenium.remote.ErrorHandler.createThrowable(ErrorHandler.java:214)
	at org.openqa.selenium.remote.ErrorHandler.throwIfResponseFailed(ErrorHandler.java:166)
	at org.openqa.selenium.remote.http.JsonHttpResponseCodec.reconstructValue(JsonHttpResponseCodec.java:40)
	at org.openqa.selenium.remote.http.AbstractHttpResponseCodec.decode(AbstractHttpResponseCodec.java:80)
	at org.openqa.selenium.remote.http.AbstractHttpResponseCodec.decode(AbstractHttpResponseCodec.java:44)
	at org.openqa.selenium.remote.HttpCommandExecutor.execute(HttpCommandExecutor.java:164)
	at org.openqa.selenium.remote.service.DriverCommandExecutor.execute(DriverCommandExecutor.java:83)
	at org.openqa.selenium.remote.RemoteWebDriver.execute(RemoteWebDriver.java:601)
	at org.openqa.selenium.remote.RemoteWebDriver.findElement(RemoteWebDriver.java:371)
	at org.openqa.selenium.remote.RemoteWebDriver.findElementByName(RemoteWebDriver.java:449)
	at org.openqa.selenium.By$ByName.findElement(By.java:303)
	at org.openqa.selenium.remote.RemoteWebDriver.findElement(RemoteWebDriver.java:363)
	at sun.reflect.NativeMethodAccessorImpl.invoke0(Native Method)
	at sun.reflect.NativeMethodAccessorImpl.invoke(NativeMethodAccessorImpl.java:62)
	at sun.reflect.DelegatingMethodAccessorImpl.invoke(DelegatingMethodAccessorImpl.java:43)
	at java.lang.reflect.Method.invoke(Method.java:498)
	at org.openqa.selenium.support.events.EventFiringWebDriver$2.invoke(EventFiringWebDriver.java:108)
	at com.sun.proxy.$Proxy6.findElement(Unknown Source)
	at org.openqa.selenium.support.events.EventFiringWebDriver.findElement(EventFiringWebDriver.java:192)
	at org.openqa.selenium.remote.server.handler.FindElement.call(FindElement.java:48)
	at org.openqa.selenium.remote.server.handler.FindElement.call(FindElement.java:33)
	at org.openqa.selenium.remote.server.handler.WebDriverHandler.handle(WebDriverHandler.java:41)
	at org.openqa.selenium.remote.server.rest.ResultConfig.handle(ResultConfig.java:112)
	at org.openqa.selenium.remote.server.JsonHttpCommandHandler.handleRequest(JsonHttpCommandHandler.java:191)
	at org.openqa.selenium.remote.server.DriverServlet.lambda$handleRequest$0(DriverServlet.java:261)
	at java.util.concurrent.Executors$RunnableAdapter.call(Executors.java:511)
	at java.util.concurrent.FutureTask.run(FutureTask.java:266)
	at java.util.concurrent.ThreadPoolExecutor.runWorker(ThreadPoolExecutor.java:1149)
	at java.util.concurrent.ThreadPoolExecutor$Worker.run(ThreadPoolExecutor.java:624)
	at java.lang.Thread.run(Thread.java:748)
Caused by: org.openqa.selenium.NoSuchElementException: Unable to locate element: {"method":"name","selector":"btn_Sub2207401004"}
For documentation on this error, please visit: http://seleniumhq.org/exceptions/no_such_element.html
Build info: version: '3.8.1', revision: '6e95a6684b', time: '2017-12-01T19:05:32.194Z'
System info: host: 'localhost.localdomain', ip: '127.0.0.1', os.name: 'Linux', os.arch: 'amd64', os.version: '3.10.0-862.3.2.el7.x86_64', java.version: '1.8.0_171'
Driver info: driver.version: unknown
	at <anonymous class>.FirefoxDriver.prototype.findElementInternal_(file:///tmp/anonymous1137842602403608371webdriver-profile/extensions/fxdriver@googlecode.com/components/driver-component.js:11870)
	at <anonymous class>.FirefoxDriver.prototype.findElement(file:///tmp/anonymous1137842602403608371webdriver-profile/extensions/fxdriver@googlecode.com/components/driver-component.js:11879)
	at <anonymous class>.DelayedCommand.prototype.executeInternal_/k(file:///tmp/anonymous1137842602403608371webdriver-profile/extensions/fxdriver@googlecode.com/components/command-processor.js:13364)
	at <anonymous class>.DelayedCommand.prototype.executeInternal_(file:///tmp/anonymous1137842602403608371webdriver-profile/extensions/fxdriver@googlecode.com/components/command-processor.js:13369)
	at <anonymous class>.DelayedCommand.prototype.execute/<(file:///tmp/anonymous1137842602403608371webdriver-profile/extensions/fxdriver@googlecode.com/components/command-processor.js:13311)
13:41:22.378 WARN - Exception: Unable to locate element: {"method":"name","selector":"btn_Sub2207401004"}
For documentation on this error, please visit: http://seleniumhq.org/exceptions/no_such_element.html
Build info: version: '3.8.1', revision: '6e95a6684b', time: '2017-12-01T19:05:32.194Z'
System info: host: 'localhost.localdomain', ip: '127.0.0.1', os.name: 'Linux', os.arch: 'amd64', os.version: '3.10.0-862.3.2.el7.x86_64', java.version: '1.8.0_171'
Driver info: driver.version: unknown
